Copyright 1986-2015 Xilinx, Inc. All Rights Reserved.
----------------------------------------------------------------------------------------------------------------
| Tool Version : Vivado v.2015.4 (win64) Build 1412921 Wed Nov 18 09:43:45 MST 2015
| Date         : Sat Sep 21 19:55:37 2024
| Host         : FaridS-LP running 64-bit major release  (build 9200)
| Command      : report_timing -file out/post_route_timing.rpt -sort_by group -max_paths 100 -path_type summary
| Design       : red_pitaya_top
| Device       : 7z010-clg400
| Speed File   : -1  PRODUCTION 1.11 2014-09-11
----------------------------------------------------------------------------------------------------------------

Timing Report

Startpoint                     Endpoint                       Slack(ns)     
----------------------------------------------------------------------------
i_dsp/genblk5[7].iq_2_outputs/iqfilter[1]/genblk2[0].lpf/delta_reg[9]/C
                               i_dsp/genblk5[7].iq_2_outputs/modulator/secondproduct1/D[0]
                                                              -4.138        
i_dsp/genblk5[7].iq_2_outputs/iqfilter[1]/genblk2[0].lpf/delta_reg[9]/C
                               i_dsp/genblk5[7].iq_2_outputs/modulator/secondproduct1/D[10]
                                                              -4.137        
i_dsp/genblk5[7].iq_2_outputs/iqfilter[1]/genblk2[0].lpf/delta_reg[9]/C
                               i_dsp/genblk5[7].iq_2_outputs/modulator/secondproduct1/D[2]
                                                              -4.089        
i_dsp/genblk4[5].iq/quadrature_filter_reg[7]_replica_1/C
                               i_dsp/genblk4[5].iq/modulator/secondproduct1/D[0]
                                                              -4.088        
i_dsp/genblk5[7].iq_2_outputs/iqfilter[1]/genblk2[0].lpf/delta_reg[9]/C
                               i_dsp/genblk5[7].iq_2_outputs/modulator/secondproduct1/D[12]
                                                              -4.081        
i_dsp/genblk5[7].iq_2_outputs/iqfilter[1]/genblk2[0].lpf/delta_reg[9]/C
                               i_dsp/genblk5[7].iq_2_outputs/modulator/secondproduct1/D[9]
                                                              -4.069        
i_dsp/genblk4[5].iq/quadrature_filter_reg[7]_replica_1/C
                               i_dsp/genblk4[5].iq/modulator/secondproduct1/D[11]
                                                              -4.057        
i_dsp/genblk5[7].iq_2_outputs/iqfilter[1]/genblk2[0].lpf/delta_reg[9]/C
                               i_dsp/genblk5[7].iq_2_outputs/modulator/secondproduct1/D[7]
                                                              -4.040        
i_dsp/genblk4[5].iq/quadrature_filter_reg[7]_replica_1/C
                               i_dsp/genblk4[5].iq/modulator/secondproduct1/D[1]
                                                              -4.034        
i_dsp/genblk5[7].iq_2_outputs/iqfilter[1]/genblk2[0].lpf/delta_reg[9]/C
                               i_dsp/genblk5[7].iq_2_outputs/modulator/secondproduct1/D[4]
                                                              -4.024        
i_dsp/genblk5[7].iq_2_outputs/iqfilter[1]/genblk2[0].lpf/delta_reg[9]/C
                               i_dsp/genblk5[7].iq_2_outputs/modulator/secondproduct1/D[6]
                                                              -4.013        
i_dsp/genblk4[5].iq/quadrature_filter_reg[7]_replica_1/C
                               i_dsp/genblk4[5].iq/modulator/secondproduct1/D[6]
                                                              -4.013        
i_dsp/genblk5[7].iq_2_outputs/iqfilter[1]/genblk2[0].lpf/delta_reg[9]/C
                               i_dsp/genblk5[7].iq_2_outputs/modulator/secondproduct1/D[3]
                                                              -3.998        
i_dsp/genblk5[7].iq_2_outputs/iqfilter[1]/genblk2[0].lpf/delta_reg[9]/C
                               i_dsp/genblk5[7].iq_2_outputs/modulator/secondproduct1/D[1]
                                                              -3.993        
i_dsp/genblk5[7].iq_2_outputs/iqfilter[1]/genblk2[0].lpf/delta_reg[9]/C
                               i_dsp/genblk5[7].iq_2_outputs/modulator/secondproduct1/D[5]
                                                              -3.950        
i_dsp/genblk4[5].iq/quadrature_filter_reg[7]_replica_1/C
                               i_dsp/genblk4[5].iq/modulator/secondproduct1/D[8]
                                                              -3.931        
i_dsp/genblk4[5].iq/quadrature_filter_reg[7]_replica_1/C
                               i_dsp/genblk4[5].iq/modulator/secondproduct1/D[12]
                                                              -3.892        
i_dsp/genblk4[5].iq/quadrature_filter_reg[7]_replica_1/C
                               i_dsp/genblk4[5].iq/modulator/secondproduct1/D[5]
                                                              -3.890        
i_dsp/genblk4[5].iq/quadrature_filter_reg[7]_replica_1/C
                               i_dsp/genblk4[5].iq/modulator/secondproduct1/D[7]
                                                              -3.886        
i_dsp/genblk4[5].iq/quadrature_filter_reg[7]_replica_1/C
                               i_dsp/genblk4[5].iq/modulator/secondproduct1/D[10]
                                                              -3.886        
i_dsp/genblk4[5].iq/quadrature_filter_reg[7]_replica_1/C
                               i_dsp/genblk4[5].iq/modulator/secondproduct1/D[9]
                                                              -3.867        
i_dsp/genblk5[7].iq_2_outputs/iqfilter[1]/genblk2[0].lpf/delta_reg[9]/C
                               i_dsp/genblk5[7].iq_2_outputs/modulator/secondproduct1/D[11]
                                                              -3.853        
i_dsp/genblk5[7].iq_2_outputs/iqfilter[1]/genblk2[0].lpf/delta_reg[9]/C
                               i_dsp/genblk5[7].iq_2_outputs/modulator/secondproduct1/D[8]
                                                              -3.826        
i_dsp/genblk4[6].iq/iqfilter[1]/genblk2[0].lpf/y_reg[29]/C
                               i_dsp/genblk4[6].iq/modulator/secondproduct1/D[6]
                                                              -3.823        
i_dsp/genblk4[5].iq/quadrature_filter_reg[7]_replica_1/C
                               i_dsp/genblk4[5].iq/modulator/secondproduct1/D[3]
                                                              -3.813        
i_dsp/genblk4[5].iq/quadrature_filter_reg[7]_replica_1/C
                               i_dsp/genblk4[5].iq/modulator/secondproduct1/D[2]
                                                              -3.803        
i_dsp/genblk4[5].iq/quadrature_filter_reg[7]_replica_1/C
                               i_dsp/genblk4[5].iq/modulator/secondproduct1/D[4]
                                                              -3.797        
i_dsp/genblk4[6].iq/iqfilter[1]/genblk2[0].lpf/y_reg[29]/C
                               i_dsp/genblk4[6].iq/modulator/secondproduct1/D[8]
                                                              -3.722        
i_dsp/genblk4[6].iq/iqfilter[1]/genblk2[0].lpf/y_reg[29]/C
                               i_dsp/genblk4[6].iq/modulator/secondproduct1/D[10]
                                                              -3.718        
i_dsp/genblk4[6].iq/iqfilter[1]/genblk2[0].lpf/y_reg[29]/C
                               i_dsp/genblk4[6].iq/modulator/secondproduct1/D[0]
                                                              -3.669        
i_dsp/genblk4[6].iq/iqfilter[1]/genblk2[0].lpf/y_reg[29]/C
                               i_dsp/genblk4[6].iq/modulator/secondproduct1/D[2]
                                                              -3.639        
i_dsp/genblk4[6].iq/iqfilter[1]/genblk2[0].lpf/y_reg[29]/C
                               i_dsp/genblk4[6].iq/modulator/secondproduct1/D[11]
                                                              -3.632        
i_dsp/genblk4[6].iq/iqfilter[1]/genblk2[0].lpf/y_reg[29]/C
                               i_dsp/genblk4[6].iq/modulator/secondproduct1/D[5]
                                                              -3.628        
i_dsp/genblk4[6].iq/iqfilter[1]/genblk2[0].lpf/y_reg[29]/C
                               i_dsp/genblk4[6].iq/modulator/secondproduct1/D[9]
                                                              -3.616        
i_dsp/genblk5[7].iq_2_outputs/quadrature_filter_reg[6]_replica/C
                               i_dsp/genblk5[7].iq_2_outputs/modulator/q2_product_reg_reg[11]/D
                                                              -3.609        
i_dsp/genblk4[6].iq/iqfilter[1]/genblk2[0].lpf/y_reg[29]/C
                               i_dsp/genblk4[6].iq/modulator/secondproduct1/D[3]
                                                              -3.609        
i_dsp/genblk5[7].iq_2_outputs/quadrature_filter_reg[6]_replica/C
                               i_dsp/genblk5[7].iq_2_outputs/modulator/q2_product_reg_reg[6]/D
                                                              -3.607        
i_dsp/genblk4[6].iq/iqfilter[1]/genblk2[0].lpf/y_reg[29]/C
                               i_dsp/genblk4[6].iq/modulator/secondproduct1/D[12]
                                                              -3.593        
i_dsp/genblk5[7].iq_2_outputs/quadrature_filter_reg[6]_replica/C
                               i_dsp/genblk5[7].iq_2_outputs/modulator/q2_product_reg_reg[0]/D
                                                              -3.592        
i_dsp/genblk5[7].iq_2_outputs/quadrature_filter_reg[6]_replica/C
                               i_dsp/genblk5[7].iq_2_outputs/modulator/q2_product_reg_reg[12]/D
                                                              -3.587        
i_dsp/genblk4[6].iq/iqfilter[1]/genblk2[0].lpf/y_reg[29]/C
                               i_dsp/genblk4[6].iq/modulator/secondproduct1/D[4]
                                                              -3.580        
i_dsp/genblk5[7].iq_2_outputs/quadrature_filter_reg[6]_replica/C
                               i_dsp/genblk5[7].iq_2_outputs/modulator/q2_product_reg_reg[10]/D
                                                              -3.568        
i_dsp/genblk5[7].iq_2_outputs/quadrature_filter_reg[6]_replica/C
                               i_dsp/genblk5[7].iq_2_outputs/modulator/q2_product_reg_reg[9]/D
                                                              -3.550        
i_dsp/genblk5[7].iq_2_outputs/quadrature_filter_reg[6]_replica/C
                               i_dsp/genblk5[7].iq_2_outputs/modulator/q2_product_reg_reg[1]/D
                                                              -3.548        
i_dsp/genblk4[6].iq/iqfilter[1]/genblk2[0].lpf/y_reg[29]/C
                               i_dsp/genblk4[6].iq/modulator/secondproduct1/D[7]
                                                              -3.536        
i_dsp/genblk5[7].iq_2_outputs/quadrature_filter_reg[6]_replica/C
                               i_dsp/genblk5[7].iq_2_outputs/modulator/q2_product_reg_reg[8]/D
                                                              -3.532        
i_dsp/genblk5[7].iq_2_outputs/iqfilter[1]/genblk2[0].lpf/delta_reg[9]/C
                               i_dsp/genblk5[7].iq_2_outputs/modulator/q1_product_reg_reg[0]/D
                                                              -3.521        
i_dsp/genblk5[7].iq_2_outputs/iqfilter[1]/genblk2[0].lpf/delta_reg[9]/C
                               i_dsp/genblk5[7].iq_2_outputs/modulator/q1_product_reg_reg[9]/D
                                                              -3.500        
i_dsp/genblk5[7].iq_2_outputs/quadrature_filter_reg[6]_replica/C
                               i_dsp/genblk5[7].iq_2_outputs/modulator/q2_product_reg_reg[4]/D
                                                              -3.490        
i_dsp/genblk5[7].iq_2_outputs/iqfilter[1]/genblk2[0].lpf/delta_reg[9]/C
                               i_dsp/genblk5[7].iq_2_outputs/modulator/q1_product_reg_reg[10]/D
                                                              -3.488        
i_dsp/genblk4[6].iq/iqfilter[1]/genblk2[0].lpf/y_reg[29]/C
                               i_dsp/genblk4[6].iq/modulator/secondproduct1/D[1]
                                                              -3.484        
i_dsp/genblk5[7].iq_2_outputs/iqfilter[1]/genblk2[0].lpf/delta_reg[9]/C
                               i_dsp/genblk5[7].iq_2_outputs/modulator/q1_product_reg_reg[11]/D
                                                              -3.470        
i_dsp/genblk5[7].iq_2_outputs/iqfilter[1]/genblk2[0].lpf/delta_reg[9]/C
                               i_dsp/genblk5[7].iq_2_outputs/modulator/q1_product_reg_reg[5]/D
                                                              -3.461        
i_dsp/genblk5[7].iq_2_outputs/iqfilter[1]/genblk2[0].lpf/delta_reg[9]/C
                               i_dsp/genblk5[7].iq_2_outputs/modulator/q1_product_reg_reg[12]/D
                                                              -3.458        
i_dsp/genblk5[7].iq_2_outputs/iqfilter[1]/genblk2[0].lpf/delta_reg[9]/C
                               i_dsp/genblk5[7].iq_2_outputs/modulator/q1_product_reg_reg[1]/D
                                                              -3.456        
i_dsp/genblk5[7].iq_2_outputs/iqfilter[1]/genblk2[0].lpf/delta_reg[9]/C
                               i_dsp/genblk5[7].iq_2_outputs/modulator/q1_product_reg_reg[2]/D
                                                              -3.436        
i_dsp/genblk5[7].iq_2_outputs/iqfilter[1]/genblk2[0].lpf/delta_reg[9]/C
                               i_dsp/genblk5[7].iq_2_outputs/modulator/q1_product_reg_reg[8]/D
                                                              -3.431        
i_dsp/genblk5[7].iq_2_outputs/iqfilter[1]/genblk2[0].lpf/delta_reg[9]/C
                               i_dsp/genblk5[7].iq_2_outputs/modulator/q1_product_reg_reg[3]/D
                                                              -3.402        
i_dsp/genblk5[7].iq_2_outputs/iqfilter[1]/genblk2[0].lpf/delta_reg[9]/C
                               i_dsp/genblk5[7].iq_2_outputs/modulator/q1_product_reg_reg[6]/D
                                                              -3.397        
i_dsp/genblk5[7].iq_2_outputs/iqfilter[1]/genblk2[0].lpf/delta_reg[9]/C
                               i_dsp/genblk5[7].iq_2_outputs/modulator/q1_product_reg_reg[4]/D
                                                              -3.395        
i_dsp/genblk5[7].iq_2_outputs/quadrature_filter_reg[6]_replica/C
                               i_dsp/genblk5[7].iq_2_outputs/modulator/q2_product_reg_reg[2]/D
                                                              -3.375        
i_dsp/genblk5[7].iq_2_outputs/quadrature_filter_reg[6]_replica/C
                               i_dsp/genblk5[7].iq_2_outputs/modulator/q2_product_reg_reg[3]/D
                                                              -3.355        
i_dsp/genblk5[7].iq_2_outputs/quadrature_filter_reg[6]_replica/C
                               i_dsp/genblk5[7].iq_2_outputs/modulator/q2_product_reg_reg[7]/D
                                                              -3.339        
i_dsp/genblk5[7].iq_2_outputs/iqfilter[1]/genblk2[0].lpf/delta_reg[9]/C
                               i_dsp/genblk5[7].iq_2_outputs/modulator/q1_product_reg_reg[7]/D
                                                              -3.299        
i_dsp/genblk5[7].iq_2_outputs/quadrature_filter_reg[6]_replica/C
                               i_dsp/genblk5[7].iq_2_outputs/modulator/q2_product_reg_reg[5]/D
                                                              -3.260        
i_dsp/genblk5[7].iq_2_outputs/iqfilter[0]/genblk2[0].lpf/y_reg[42]/C
                               i_dsp/genblk5[7].iq_2_outputs/modulator/firstproduct_saturation[1]/psdsp_4/D
                                                              -3.113        
i_dsp/genblk5[7].iq_2_outputs/iqfilter[0]/genblk2[0].lpf/y_reg[42]/C
                               i_dsp/genblk5[7].iq_2_outputs/modulator/firstproduct_saturation[1]/psdsp_11/D
                                                              -3.031        
i_dsp/genblk4[6].iq/demodulator/product2_reg/CLK
                               i_dsp/genblk4[6].iq/modulator/secondproduct2/B[0]
                                                              -2.996        
i_dsp/genblk4[6].iq/demodulator/product2_reg/CLK
                               i_dsp/genblk4[6].iq/modulator/secondproduct2/B[4]
                                                              -2.942        
i_dsp/genblk5[7].iq_2_outputs/iqfilter[0]/genblk2[0].lpf/y_reg[42]/C
                               i_dsp/genblk5[7].iq_2_outputs/modulator/firstproduct_saturation[1]/psdsp_12/D
                                                              -2.933        
i_dsp/genblk4[6].iq/demodulator/product2_reg/CLK
                               i_dsp/genblk4[6].iq/modulator/secondproduct2/B[12]
                                                              -2.920        
i_dsp/genblk5[7].iq_2_outputs/iqfilter[0]/genblk2[0].lpf/y_reg[42]/C
                               i_dsp/genblk5[7].iq_2_outputs/modulator/firstproduct_saturation[1]/psdsp_6/D
                                                              -2.913        
i_dsp/genblk5[7].iq_2_outputs/iqfilter[0]/genblk2[0].lpf/y_reg[42]/C
                               i_dsp/genblk5[7].iq_2_outputs/modulator/firstproduct_saturation[1]/psdsp/D
                                                              -2.889        
i_dsp/genblk4[6].iq/demodulator/product2_reg/CLK
                               i_dsp/genblk4[6].iq/modulator/secondproduct2/B[8]
                                                              -2.862        
i_dsp/genblk4[6].iq/demodulator/product2_reg/CLK
                               i_dsp/genblk4[6].iq/modulator/secondproduct2/B[10]
                                                              -2.824        
i_dsp/genblk5[7].iq_2_outputs/iqfilter[0]/genblk2[0].lpf/y_reg[42]/C
                               i_dsp/genblk5[7].iq_2_outputs/modulator/firstproduct_saturation[1]/psdsp_9/D
                                                              -2.812        
i_dsp/genblk4[5].iq/demodulator/product2_reg/CLK
                               i_dsp/genblk4[5].iq/modulator/secondproduct2/B[0]
                                                              -2.791        
i_dsp/genblk5[7].iq_2_outputs/iqfilter[0]/genblk2[0].lpf/y_reg[42]/C
                               i_dsp/genblk5[7].iq_2_outputs/modulator/firstproduct_saturation[1]/psdsp_7/D
                                                              -2.791        
i_dsp/genblk4[6].iq/demodulator/product2_reg/CLK
                               i_dsp/genblk4[6].iq/modulator/secondproduct2/B[3]
                                                              -2.764        
adc_dat_a_reg[13]/C            i_dsp/genblk2[1].i_pid/ki_mult_reg/B[16]
                                                              -2.741        
adc_dat_a_reg[13]/C            i_dsp/genblk2[1].i_pid/ki_mult_reg/B[17]
                                                              -2.741        
adc_dat_a_reg[13]/C            i_dsp/genblk2[1].i_pid/ki_mult_reg/B[15]
                                                              -2.734        
adc_dat_a_reg[13]/C            i_dsp/genblk2[1].i_pid/ki_mult_reg/B[14]
                                                              -2.724        
i_dsp/genblk4[5].iq/demodulator/product2_reg/CLK
                               i_dsp/genblk4[5].iq/modulator/secondproduct2/B[10]
                                                              -2.721        
i_dsp/genblk4[6].iq/demodulator/product2_reg/CLK
                               i_dsp/genblk4[6].iq/modulator/secondproduct2/B[2]
                                                              -2.701        
i_dsp/genblk5[7].iq_2_outputs/iqfilter[0]/genblk2[0].lpf/y_reg[42]/C
                               i_dsp/genblk5[7].iq_2_outputs/modulator/firstproduct_saturation[1]/psdsp_5/D
                                                              -2.692        
i_dsp/genblk4[6].iq/demodulator/product2_reg/CLK
                               i_dsp/genblk4[6].iq/modulator/secondproduct2/B[1]
                                                              -2.692        
i_dsp/sum1_reg[14]/C           i_dsp/genblk2[1].i_pid/ki_mult_reg/B[13]
                                                              -2.686        
i_dsp/genblk4[6].iq/demodulator/product2_reg/CLK
                               i_dsp/genblk4[6].iq/modulator/secondproduct2/B[11]
                                                              -2.682        
i_dsp/genblk4[6].iq/demodulator/product2_reg/CLK
                               i_dsp/genblk4[6].iq/modulator/secondproduct2/B[7]
                                                              -2.676        
i_dsp/genblk4[6].iq/iqfilter[1]/genblk2[0].lpf/y_reg[24]/C
                               i_dsp/genblk4[6].iq/modulator/q1_product_reg_reg[8]/D
                                                              -2.642        
i_dsp/genblk4[5].iq/demodulator/product2_reg/CLK
                               i_dsp/genblk4[5].iq/modulator/secondproduct2/B[3]
                                                              -2.640        
i_dsp/genblk4[5].iq/demodulator/product2_reg/CLK
                               i_dsp/genblk4[5].iq/modulator/secondproduct2/B[12]
                                                              -2.637        
i_dsp/genblk4[6].iq/iqfilter[1]/genblk2[0].lpf/y_reg[24]/C
                               i_dsp/genblk4[6].iq/modulator/q1_product_reg_reg[1]/D
                                                              -2.637        
i_dsp/genblk4[5].iq/demodulator/product2_reg/CLK
                               i_dsp/genblk4[5].iq/modulator/secondproduct2/B[9]
                                                              -2.632        
adc_dat_a_reg[13]/C            i_dsp/genblk2[1].i_pid/kp_mult0/B[16]
                                                              -2.628        
adc_dat_a_reg[13]/C            i_dsp/genblk2[1].i_pid/kp_mult0/B[17]
                                                              -2.628        
i_dsp/genblk4[6].iq/demodulator/product2_reg/CLK
                               i_dsp/genblk4[6].iq/modulator/secondproduct2/B[9]
                                                              -2.611        
i_dsp/genblk4[5].iq/demodulator/product2_reg/CLK
                               i_dsp/genblk4[5].iq/modulator/secondproduct2/B[7]
                                                              -2.609        
adc_dat_a_reg[13]/C            i_dsp/genblk2[1].i_pid/kp_mult0/B[14]
                                                              -2.597        
pwm[1]/v_r_reg[2]/C            pwm[1]/pwm_o_reg/D             -0.370        
pwm[0]/vcnt_r_reg[0]/C         pwm[0]/pwm_o_reg/D             -0.282        
pwm[3]/v_r_reg[0]/C            pwm[3]/pwm_o_reg/D             -0.270        
pwm[2]/v_r_reg[6]/C            pwm[2]/pwm_o_reg/D             -0.030        
pwm_rstn_reg/C                 pwm[2]/pwm_o_reg/R             0.087         
pwm[0]/vcnt_reg[2]/C           pwm[0]/b_reg[10]/CE            0.198         
pwm[0]/vcnt_reg[2]/C           pwm[0]/b_reg[11]/CE            0.198         
pwm[0]/vcnt_reg[2]/C           pwm[0]/b_reg[12]/CE            0.198         
pwm[0]/vcnt_reg[2]/C           pwm[0]/b_reg[13]/CE            0.198         
pwm[2]/vcnt_reg[0]/C           pwm[2]/b_reg[4]/CE             0.213         
pwm[2]/vcnt_reg[0]/C           pwm[2]/b_reg[5]/CE             0.213         
pwm[2]/vcnt_reg[0]/C           pwm[2]/b_reg[8]/CE             0.213         
pwm[1]/bcnt_reg[1]/C           pwm[1]/v_reg[0]/CE             0.270         
pwm[1]/bcnt_reg[1]/C           pwm[1]/v_reg[1]/CE             0.270         
pwm[1]/bcnt_reg[1]/C           pwm[1]/v_reg[2]/CE             0.270         
pwm[1]/bcnt_reg[1]/C           pwm[1]/v_reg[3]/CE             0.270         
pwm[1]/bcnt_reg[1]/C           pwm[1]/v_reg[4]/CE             0.270         
pwm[1]/bcnt_reg[1]/C           pwm[1]/v_reg[5]/CE             0.270         
pwm[1]/bcnt_reg[1]/C           pwm[1]/v_reg[6]/CE             0.270         
pwm[1]/bcnt_reg[1]/C           pwm[1]/v_reg[7]/CE             0.270         
pwm[2]/v_reg[0]/C              pwm[2]/v_r_reg[7]/D            0.282         
pwm[0]/vcnt_reg[2]/C           pwm[0]/b_reg[4]/CE             0.302         
pwm[0]/vcnt_reg[2]/C           pwm[0]/b_reg[5]/CE             0.302         
pwm[0]/vcnt_reg[2]/C           pwm[0]/b_reg[6]/CE             0.302         
pwm[0]/vcnt_reg[2]/C           pwm[0]/b_reg[7]/CE             0.302         
pwm_rstn_reg/C                 pwm[2]/vcnt_reg[5]/R           0.303         
pwm[0]/vcnt_reg[2]/C           pwm[0]/b_reg[0]/CE             0.313         
pwm[0]/vcnt_reg[2]/C           pwm[0]/b_reg[14]/CE            0.313         
pwm[0]/vcnt_reg[2]/C           pwm[0]/b_reg[1]/CE             0.313         
pwm[0]/vcnt_reg[2]/C           pwm[0]/b_reg[2]/CE             0.313         
pwm[0]/vcnt_reg[2]/C           pwm[0]/b_reg[3]/CE             0.322         
pwm[0]/vcnt_reg[2]/C           pwm[0]/b_reg[8]/CE             0.322         
pwm[0]/vcnt_reg[2]/C           pwm[0]/b_reg[9]/CE             0.322         
pwm[2]/v_reg[0]/C              pwm[2]/v_r_reg[8]/D            0.332         
pwm[1]/vcnt_reg[2]/C           pwm[1]/b_reg[3]/CE             0.333         
pwm[3]/bcnt_reg[3]/C           pwm[3]/v_reg[0]/CE             0.359         
pwm[3]/bcnt_reg[3]/C           pwm[3]/v_reg[1]/CE             0.359         
pwm_rstn_reg/C                 pwm[2]/vcnt_r_reg[1]/CE        0.398         
pwm_rstn_reg/C                 pwm[2]/vcnt_r_reg[2]/CE        0.398         
pwm_rstn_reg/C                 pwm[2]/vcnt_r_reg[4]/CE        0.398         
pwm_rstn_reg/C                 pwm[2]/vcnt_r_reg[6]/CE        0.398         
pwm[3]/bcnt_reg[3]/C           pwm[3]/v_reg[2]/CE             0.401         
pwm_rstn_reg/C                 pwm[2]/v_r_reg[0]/CE           0.409         
pwm_rstn_reg/C                 pwm[2]/v_r_reg[1]/CE           0.409         
pwm[2]/bcnt_reg[3]/C           pwm[2]/v_reg[0]/CE             0.417         
pwm[2]/bcnt_reg[3]/C           pwm[2]/v_reg[1]/CE             0.417         
i_ams/dac_c_o_reg[7]/C         pwm[2]/b_reg[7]/D              0.423         
pwm_rstn_reg/C                 pwm[2]/v_r_reg[4]/CE           0.425         
pwm_rstn_reg/C                 pwm[2]/v_r_reg[5]/CE           0.425         
pwm_rstn_reg/C                 pwm[2]/v_r_reg[6]/CE           0.425         
pwm_rstn_reg/C                 pwm[2]/vcnt_r_reg[3]/CE        0.425         
pwm_rstn_reg/C                 pwm[2]/vcnt_r_reg[7]/CE        0.425         
pwm[2]/v_reg[0]/C              pwm[2]/v_r_reg[5]/D            0.426         
pwm_rstn_reg/C                 pwm[1]/pwm_o_reg/R             0.427         
pwm_rstn_reg/C                 pwm[0]/pwm_o_reg/R             0.439         
pwm[3]/bcnt_reg[3]/C           pwm[3]/v_reg[4]/CE             0.449         
pwm[3]/bcnt_reg[3]/C           pwm[3]/v_reg[5]/CE             0.449         
pwm[3]/bcnt_reg[3]/C           pwm[3]/v_reg[6]/CE             0.449         
pwm[3]/bcnt_reg[3]/C           pwm[3]/v_reg[7]/CE             0.449         
pwm_rstn_reg/C                 pwm[2]/vcnt_reg[6]/R           0.450         
pwm_rstn_reg/C                 pwm[2]/vcnt_reg[7]/R           0.450         
pwm[2]/bcnt_reg[3]/C           pwm[2]/v_reg[2]/CE             0.455         
pwm[1]/vcnt_reg[2]/C           pwm[1]/b_reg[0]/CE             0.473         
pwm[1]/vcnt_reg[2]/C           pwm[1]/b_reg[13]/CE            0.473         
pwm[1]/vcnt_reg[2]/C           pwm[1]/b_reg[14]/CE            0.473         
pwm[1]/vcnt_reg[2]/C           pwm[1]/b_reg[8]/CE             0.473         
pwm[2]/v_reg[0]/C              pwm[2]/v_r_reg[6]/D            0.474         
pwm[1]/vcnt_reg[2]/C           pwm[1]/b_reg[10]/CE            0.475         
pwm[1]/vcnt_reg[2]/C           pwm[1]/b_reg[11]/CE            0.475         
pwm[1]/vcnt_reg[2]/C           pwm[1]/b_reg[1]/CE             0.475         
pwm[1]/vcnt_reg[2]/C           pwm[1]/b_reg[2]/CE             0.475         
i_ps/system_i/system_i/axi_protocol_converter_0/inst/gen_axilite.gen_b2s_conv.axilite_b2s/RD.r_channel_0/transaction_fifo_0/cnt_read_reg[0]_rep__1/C
                               i_ps/system_i/system_i/axi_protocol_converter_0/inst/gen_axilite.gen_b2s_conv.axilite_b2s/RD.r_channel_0/transaction_fifo_0/cnt_read_reg[1]_rep/D
                                                              0.485         
pwm[2]/bcnt_reg[3]/C           pwm[2]/v_reg[4]/CE             0.494         
pwm_rstn_reg/C                 pwm[2]/vcnt_reg[0]/R           0.502         
pwm_rstn_reg/C                 pwm[3]/pwm_o_reg/R             0.503         
i_ams/dac_a_o_reg[15]/C        pwm[0]/b_reg[15]/D             0.505         
pwm[2]/vcnt_reg[0]/C           pwm[2]/b_reg[1]/CE             0.505         
pwm[2]/vcnt_reg[0]/C           pwm[2]/b_reg[2]/CE             0.505         
pwm[2]/vcnt_reg[0]/C           pwm[2]/b_reg[3]/CE             0.505         
pwm[3]/bcnt_reg[3]/C           pwm[3]/v_reg[3]/CE             0.508         
pwm[1]/vcnt_reg[2]/C           pwm[1]/b_reg[12]/CE            0.509         
pwm[1]/vcnt_reg[2]/C           pwm[1]/b_reg[9]/CE             0.509         
i_ps/system_i/system_i/axi_protocol_converter_0/inst/gen_axilite.gen_b2s_conv.axilite_b2s/RD.r_channel_0/transaction_fifo_0/cnt_read_reg[0]_rep__1/C
                               i_ps/system_i/system_i/axi_protocol_converter_0/inst/gen_axilite.gen_b2s_conv.axilite_b2s/RD.r_channel_0/rd_data_fifo_0/cnt_read_reg[4]_rep/D
                                                              0.532         
i_ps/system_i/system_i/axi_protocol_converter_0/inst/gen_axilite.gen_b2s_conv.axilite_b2s/RD.r_channel_0/transaction_fifo_0/cnt_read_reg[0]_rep__1/C
                               i_ps/system_i/system_i/axi_protocol_converter_0/inst/gen_axilite.gen_b2s_conv.axilite_b2s/RD.r_channel_0/transaction_fifo_0/cnt_read_reg[1]/D
                                                              0.535         
pwm_rstn_reg/C                 pwm[2]/vcnt_reg[3]/R           0.542         
pwm_rstn_reg/C                 pwm[2]/vcnt_reg[4]/R           0.542         
pwm_rstn_reg/C                 pwm[2]/v_r_reg[2]/CE           0.548         
pwm_rstn_reg/C                 pwm[2]/v_r_reg[3]/CE           0.548         
pwm_rstn_reg/C                 pwm[2]/v_r_reg[7]/CE           0.548         
pwm_rstn_reg/C                 pwm[2]/v_r_reg[8]/CE           0.548         
pwm_rstn_reg/C                 pwm[2]/vcnt_r_reg[0]/CE        0.548         
pwm_rstn_reg/C                 pwm[2]/vcnt_r_reg[5]/CE        0.548         
i_ps/system_i/system_i/axi_protocol_converter_0/inst/gen_axilite.gen_b2s_conv.axilite_b2s/RD.r_channel_0/transaction_fifo_0/cnt_read_reg[0]_rep__1/C
                               i_ps/system_i/system_i/axi_protocol_converter_0/inst/gen_axilite.gen_b2s_conv.axilite_b2s/RD.r_channel_0/rd_data_fifo_0/cnt_read_reg[2]_rep__0/D
                                                              0.554         
dac_rst_reg/C                  oddr_dac_dat[4]/R              0.555         
dac_rst_reg/C                  oddr_dac_dat[5]/R              0.557         
i_ams/dac_d_o_reg[9]/C         pwm[3]/b_reg[9]/D              0.559         
i_ps/system_i/system_i/axi_protocol_converter_0/inst/gen_axilite.gen_b2s_conv.axilite_b2s/RD.r_channel_0/transaction_fifo_0/cnt_read_reg[0]_rep__1/C
                               i_ps/system_i/system_i/axi_protocol_converter_0/inst/gen_axilite.gen_b2s_conv.axilite_b2s/RD.r_channel_0/rd_data_fifo_0/cnt_read_reg[2]_rep__1/D
                                                              0.563         
i_ps/system_i/system_i/axi_protocol_converter_0/inst/gen_axilite.gen_b2s_conv.axilite_b2s/RD.r_channel_0/transaction_fifo_0/cnt_read_reg[0]_rep__1/C
                               i_ps/system_i/system_i/axi_protocol_converter_0/inst/gen_axilite.gen_b2s_conv.axilite_b2s/RD.r_channel_0/transaction_fifo_0/cnt_read_reg[1]_rep__0/D
                                                              0.567         
pwm[2]/b_reg[0]/C              pwm[2]/v_r_reg[0]/D            0.570         
pwm[2]/vcnt_reg[0]/C           pwm[2]/b_reg[12]/CE            0.577         
pwm[2]/vcnt_reg[0]/C           pwm[2]/b_reg[13]/CE            0.577         
pwm[2]/vcnt_reg[0]/C           pwm[2]/b_reg[14]/CE            0.577         
pwm[2]/vcnt_reg[0]/C           pwm[2]/b_reg[6]/CE             0.577         
pwm[1]/vcnt_reg[2]/C           pwm[1]/bcnt_reg[0]/CE          0.580         
pwm[1]/vcnt_reg[2]/C           pwm[1]/bcnt_reg[1]/CE          0.580         
pwm[1]/vcnt_reg[2]/C           pwm[1]/bcnt_reg[2]/CE          0.580         
pwm[1]/vcnt_reg[2]/C           pwm[1]/bcnt_reg[3]/CE          0.580         
i_ps/system_i/system_i/axi_protocol_converter_0/inst/gen_axilite.gen_b2s_conv.axilite_b2s/RD.r_channel_0/transaction_fifo_0/cnt_read_reg[0]_rep__1/C
                               i_ps/system_i/system_i/axi_protocol_converter_0/inst/gen_axilite.gen_b2s_conv.axilite_b2s/RD.r_channel_0/rd_data_fifo_0/cnt_read_reg[3]/D
                                                              0.586         
pwm[2]/b_reg[0]/C              pwm[2]/v_r_reg[1]/D            0.588         
dac_rst_reg/C                  oddr_dac_dat[3]/R              0.606         
dac_rst_reg/C                  oddr_dac_dat[1]/R              0.610         
i_ps/system_i/system_i/axi_protocol_converter_0/inst/gen_axilite.gen_b2s_conv.axilite_b2s/RD.r_channel_0/transaction_fifo_0/cnt_read_reg[0]_rep__1/C
                               i_ps/system_i/system_i/axi_protocol_converter_0/inst/gen_axilite.gen_b2s_conv.axilite_b2s/RD.r_channel_0/rd_data_fifo_0/cnt_read_reg[1]_rep__0/D
                                                              0.621         
i_ps/system_i/system_i/axi_protocol_converter_0/inst/gen_axilite.gen_b2s_conv.axilite_b2s/RD.r_channel_0/transaction_fifo_0/cnt_read_reg[0]_rep__1/C
                               i_ps/system_i/system_i/axi_protocol_converter_0/inst/gen_axilite.gen_b2s_conv.axilite_b2s/RD.r_channel_0/transaction_fifo_0/cnt_read_reg[0]_rep/D
                                                              0.642         
dac_rst_reg/C                  oddr_dac_dat[13]/R             0.669         
dac_rst_reg/C                  oddr_dac_dat[0]/R              0.689         
i_ps/system_i/system_i/axi_protocol_converter_0/inst/gen_axilite.gen_b2s_conv.axilite_b2s/RD.r_channel_0/transaction_fifo_0/cnt_read_reg[0]_rep__1/C
                               i_ps/system_i/system_i/axi_protocol_converter_0/inst/gen_axilite.gen_b2s_conv.axilite_b2s/RD.r_channel_0/rd_data_fifo_0/cnt_read_reg[2]_rep__2/D
                                                              0.689         
dac_rst_reg/C                  oddr_dac_dat[2]/R              0.700         
i_ps/system_i/system_i/axi_protocol_converter_0/inst/gen_axilite.gen_b2s_conv.axilite_b2s/RD.r_channel_0/transaction_fifo_0/cnt_read_reg[0]_rep__1/C
                               i_ps/system_i/system_i/axi_protocol_converter_0/inst/gen_axilite.gen_b2s_conv.axilite_b2s/RD.r_channel_0/rd_data_fifo_0/cnt_read_reg[1]/D
                                                              0.709         
i_ps/system_i/system_i/axi_protocol_converter_0/inst/gen_axilite.gen_b2s_conv.axilite_b2s/RD.r_channel_0/transaction_fifo_0/cnt_read_reg[0]_rep__1/C
                               i_ps/system_i/system_i/axi_protocol_converter_0/inst/gen_axilite.gen_b2s_conv.axilite_b2s/RD.r_channel_0/rd_data_fifo_0/cnt_read_reg[4]_rep__1/D
                                                              0.720         
i_ps/system_i/system_i/axi_protocol_converter_0/inst/gen_axilite.gen_b2s_conv.axilite_b2s/RD.r_channel_0/transaction_fifo_0/cnt_read_reg[0]_rep__1/C
                               i_ps/system_i/system_i/axi_protocol_converter_0/inst/gen_axilite.gen_b2s_conv.axilite_b2s/RD.r_channel_0/rd_data_fifo_0/cnt_read_reg[0]_rep__0/D
                                                              0.756         
i_ps/system_i/system_i/axi_protocol_converter_0/inst/gen_axilite.gen_b2s_conv.axilite_b2s/RD.r_channel_0/transaction_fifo_0/cnt_read_reg[0]_rep__1/C
                               i_ps/system_i/system_i/axi_protocol_converter_0/inst/gen_axilite.gen_b2s_conv.axilite_b2s/RD.r_channel_0/rd_data_fifo_0/cnt_read_reg[3]_rep/D
                                                              0.777         
i_ps/system_i/system_i/axi_protocol_converter_0/inst/gen_axilite.gen_b2s_conv.axilite_b2s/RD.r_channel_0/transaction_fifo_0/cnt_read_reg[0]_rep__1/C
                               i_ps/system_i/system_i/axi_protocol_converter_0/inst/gen_axilite.gen_b2s_conv.axilite_b2s/RD.r_channel_0/rd_data_fifo_0/cnt_read_reg[3]_rep__0/D
                                                              0.778         
i_ps/system_i/system_i/axi_protocol_converter_0/inst/gen_axilite.gen_b2s_conv.axilite_b2s/RD.r_channel_0/transaction_fifo_0/cnt_read_reg[0]_rep__1/C
                               i_ps/system_i/system_i/axi_protocol_converter_0/inst/gen_axilite.gen_b2s_conv.axilite_b2s/RD.r_channel_0/rd_data_fifo_0/cnt_read_reg[3]_rep__1/D
                                                              0.778         
i_ps/system_i/system_i/axi_protocol_converter_0/inst/gen_axilite.gen_b2s_conv.axilite_b2s/RD.r_channel_0/transaction_fifo_0/cnt_read_reg[0]_rep__1/C
                               i_ps/system_i/system_i/axi_protocol_converter_0/inst/gen_axilite.gen_b2s_conv.axilite_b2s/RD.r_channel_0/transaction_fifo_0/cnt_read_reg[4]_rep/D
                                                              0.779         
i_ps/system_i/system_i/axi_protocol_converter_0/inst/gen_axilite.gen_b2s_conv.axilite_b2s/RD.r_channel_0/transaction_fifo_0/cnt_read_reg[0]_rep__1/C
                               i_ps/system_i/system_i/axi_protocol_converter_0/inst/gen_axilite.gen_b2s_conv.axilite_b2s/RD.r_channel_0/rd_data_fifo_0/cnt_read_reg[1]_rep/D
                                                              0.782         
i_ps/system_i/system_i/axi_protocol_converter_0/inst/gen_axilite.gen_b2s_conv.axilite_b2s/RD.r_channel_0/transaction_fifo_0/cnt_read_reg[0]_rep__1/C
                               i_ps/system_i/system_i/axi_protocol_converter_0/inst/gen_axilite.gen_b2s_conv.axilite_b2s/RD.r_channel_0/transaction_fifo_0/cnt_read_reg[2]_rep__0/D
                                                              0.785         
i_ps/system_i/system_i/axi_protocol_converter_0/inst/gen_axilite.gen_b2s_conv.axilite_b2s/RD.r_channel_0/transaction_fifo_0/cnt_read_reg[0]_rep__1/C
                               i_ps/system_i/system_i/axi_protocol_converter_0/inst/gen_axilite.gen_b2s_conv.axilite_b2s/RD.r_channel_0/rd_data_fifo_0/cnt_read_reg[2]/D
                                                              0.798         
dac_rst_reg/C                  oddr_dac_dat[12]/R             0.807         
i_ps/system_i/system_i/axi_protocol_converter_0/inst/gen_axilite.gen_b2s_conv.axilite_b2s/RD.r_channel_0/transaction_fifo_0/cnt_read_reg[0]_rep__1/C
                               i_ps/system_i/system_i/axi_protocol_converter_0/inst/gen_axilite.gen_b2s_conv.axilite_b2s/RD.r_channel_0/transaction_fifo_0/cnt_read_reg[3]/D
                                                              0.811         
i_ps/system_i/system_i/axi_protocol_converter_0/inst/gen_axilite.gen_b2s_conv.axilite_b2s/RD.r_channel_0/transaction_fifo_0/cnt_read_reg[0]_rep__1/C
                               i_ps/system_i/system_i/axi_protocol_converter_0/inst/gen_axilite.gen_b2s_conv.axilite_b2s/RD.r_channel_0/transaction_fifo_0/cnt_read_reg[3]_rep/D
                                                              0.831         
i_ps/system_i/system_i/axi_protocol_converter_0/inst/gen_axilite.gen_b2s_conv.axilite_b2s/RD.r_channel_0/transaction_fifo_0/cnt_read_reg[0]_rep__1/C
                               i_ps/system_i/system_i/axi_protocol_converter_0/inst/gen_axilite.gen_b2s_conv.axilite_b2s/RD.r_channel_0/transaction_fifo_0/cnt_read_reg[0]/D
                                                              0.846         
i_ps/system_i/system_i/axi_protocol_converter_0/inst/gen_axilite.gen_b2s_conv.axilite_b2s/RD.r_channel_0/transaction_fifo_0/cnt_read_reg[0]_rep__1/C
                               i_ps/system_i/system_i/axi_protocol_converter_0/inst/gen_axilite.gen_b2s_conv.axilite_b2s/RD.r_channel_0/rd_data_fifo_0/cnt_read_reg[3]_rep__2/D
                                                              0.850         
dac_rst_reg/C                  oddr_dac_dat[6]/R              0.854         
i_ps/system_i/system_i/axi_protocol_converter_0/inst/gen_axilite.gen_b2s_conv.axilite_b2s/RD.r_channel_0/transaction_fifo_0/cnt_read_reg[0]_rep__1/C
                               i_ps/system_i/system_i/axi_protocol_converter_0/inst/gen_axilite.gen_b2s_conv.axilite_b2s/RD.r_channel_0/rd_data_fifo_0/cnt_read_reg[0]/D
                                                              0.860         
i_ps/system_i/system_i/axi_protocol_converter_0/inst/gen_axilite.gen_b2s_conv.axilite_b2s/RD.r_channel_0/transaction_fifo_0/cnt_read_reg[0]_rep__1/C
                               i_ps/system_i/system_i/axi_protocol_converter_0/inst/gen_axilite.gen_b2s_conv.axilite_b2s/RD.r_channel_0/rd_data_fifo_0/cnt_read_reg[1]_rep__1/D
                                                              0.863         
i_ps/system_i/system_i/axi_protocol_converter_0/inst/gen_axilite.gen_b2s_conv.axilite_b2s/RD.r_channel_0/transaction_fifo_0/cnt_read_reg[0]_rep__1/C
                               i_ps/system_i/system_i/axi_protocol_converter_0/inst/gen_axilite.gen_b2s_conv.axilite_b2s/RD.r_channel_0/transaction_fifo_0/cnt_read_reg[2]/D
                                                              0.871         
i_ps/system_i/system_i/axi_protocol_converter_0/inst/gen_axilite.gen_b2s_conv.axilite_b2s/RD.r_channel_0/transaction_fifo_0/cnt_read_reg[0]_rep__1/C
                               i_ps/system_i/system_i/axi_protocol_converter_0/inst/gen_axilite.gen_b2s_conv.axilite_b2s/RD.r_channel_0/rd_data_fifo_0/cnt_read_reg[4]_rep__2/D
                                                              0.880         
i_ps/system_i/system_i/axi_protocol_converter_0/inst/gen_axilite.gen_b2s_conv.axilite_b2s/RD.r_channel_0/transaction_fifo_0/cnt_read_reg[0]_rep__1/C
                               i_ps/system_i/system_i/axi_protocol_converter_0/inst/gen_axilite.gen_b2s_conv.axilite_b2s/RD.r_channel_0/transaction_fifo_0/cnt_read_reg[2]_rep/D
                                                              0.883         
i_ps/system_i/system_i/axi_protocol_converter_0/inst/gen_axilite.gen_b2s_conv.axilite_b2s/RD.r_channel_0/transaction_fifo_0/cnt_read_reg[0]_rep__1/C
                               i_ps/system_i/system_i/axi_protocol_converter_0/inst/gen_axilite.gen_b2s_conv.axilite_b2s/RD.r_channel_0/rd_data_fifo_0/cnt_read_reg[2]_rep/D
                                                              0.905         
dac_rst_reg/C                  oddr_dac_dat[10]/R             0.911         
i_ps/system_i/system_i/axi_protocol_converter_0/inst/gen_axilite.gen_b2s_conv.axilite_b2s/RD.r_channel_0/transaction_fifo_0/cnt_read_reg[0]_rep__1/C
                               i_ps/system_i/system_i/axi_protocol_converter_0/inst/gen_axilite.gen_b2s_conv.axilite_b2s/RD.r_channel_0/rd_data_fifo_0/cnt_read_reg[4]/D
                                                              0.982         
i_ps/system_i/system_i/axi_protocol_converter_0/inst/gen_axilite.gen_b2s_conv.axilite_b2s/RD.r_channel_0/transaction_fifo_0/cnt_read_reg[0]_rep__1/C
                               i_ps/system_i/system_i/axi_protocol_converter_0/inst/gen_axilite.gen_b2s_conv.axilite_b2s/RD.r_channel_0/transaction_fifo_0/cnt_read_reg[0]_rep__1/D
                                                              0.987         
i_ps/system_i/system_i/axi_protocol_converter_0/inst/gen_axilite.gen_b2s_conv.axilite_b2s/RD.r_channel_0/transaction_fifo_0/cnt_read_reg[0]_rep__1/C
                               i_ps/system_i/system_i/axi_protocol_converter_0/inst/gen_axilite.gen_b2s_conv.axilite_b2s/RD.r_channel_0/rd_data_fifo_0/cnt_read_reg[4]_rep__0/D
                                                              0.990         
dac_rst_reg/C                  oddr_dac_dat[7]/R              0.993         
i_ps/system_i/system_i/processing_system7/inst/PS7_i/MAXIGP1ACLK
                               i_ps/system_i/system_i/axi_protocol_converter_0/inst/gen_axilite.gen_b2s_conv.axilite_b2s/SI_REG/r_pipe/m_payload_i_reg[19]/CE
                                                              0.996         
i_ps/system_i/system_i/processing_system7/inst/PS7_i/MAXIGP1ACLK
                               i_ps/system_i/system_i/axi_protocol_converter_0/inst/gen_axilite.gen_b2s_conv.axilite_b2s/SI_REG/r_pipe/m_payload_i_reg[20]/CE
                                                              0.996         
i_ps/system_i/system_i/axi_protocol_converter_0/inst/gen_axilite.gen_b2s_conv.axilite_b2s/RD.r_channel_0/transaction_fifo_0/cnt_read_reg[0]_rep__1/C
                               i_ps/system_i/system_i/axi_protocol_converter_0/inst/gen_axilite.gen_b2s_conv.axilite_b2s/RD.r_channel_0/transaction_fifo_0/cnt_read_reg[0]_rep__0/D
                                                              1.001         
i_ps/system_i/system_i/axi_protocol_converter_0/inst/gen_axilite.gen_b2s_conv.axilite_b2s/RD.r_channel_0/transaction_fifo_0/cnt_read_reg[0]_rep__1/C
                               i_ps/system_i/system_i/axi_protocol_converter_0/inst/gen_axilite.gen_b2s_conv.axilite_b2s/RD.r_channel_0/rd_data_fifo_0/cnt_read_reg[0]_rep/D
                                                              1.001         
i_ps/system_i/system_i/axi_protocol_converter_0/inst/gen_axilite.gen_b2s_conv.axilite_b2s/RD.r_channel_0/transaction_fifo_0/cnt_read_reg[0]_rep__1/C
                               i_ps/system_i/system_i/axi_protocol_converter_0/inst/gen_axilite.gen_b2s_conv.axilite_b2s/RD.r_channel_0/transaction_fifo_0/cnt_read_reg[4]/D
                                                              1.047         
dac_rst_reg/C                  oddr_dac_dat[11]/R             1.049         
i_ps/system_i/system_i/axi_protocol_converter_0/inst/gen_axilite.gen_b2s_conv.axilite_b2s/RD.r_channel_0/transaction_fifo_0/cnt_read_reg[0]_rep__1/C
                               i_ps/system_i/system_i/axi_protocol_converter_0/inst/gen_axilite.gen_b2s_conv.axilite_b2s/RD.r_channel_0/transaction_fifo_0/cnt_read_reg[4]_rep__0/D
                                                              1.066         
i_ps/system_i/system_i/axi_protocol_converter_0/inst/gen_axilite.gen_b2s_conv.axilite_b2s/RD.r_channel_0/transaction_fifo_0/cnt_read_reg[0]_rep__1/C
                               i_ps/system_i/system_i/axi_protocol_converter_0/inst/gen_axilite.gen_b2s_conv.axilite_b2s/RD.r_channel_0/transaction_fifo_0/cnt_read_reg[3]_rep__0/D
                                                              1.089         
dac_rst_reg/C                  oddr_dac_sel/R                 1.113         
i_ps/system_i/system_i/axi_protocol_converter_0/inst/gen_axilite.gen_b2s_conv.axilite_b2s/RD.r_channel_0/transaction_fifo_0/cnt_read_reg[0]_rep__1/C
                               i_ps/system_i/system_i/axi_protocol_converter_0/inst/gen_axilite.gen_b2s_conv.axilite_b2s/RD.r_channel_0/rd_data_fifo_0/cnt_read_reg[0]_rep__1/D
                                                              1.130         
dac_rst_reg/C                  oddr_dac_dat[8]/R              1.142         
i_ps/system_i/system_i/processing_system7/inst/PS7_i/MAXIGP1ACLK
                               i_ps/system_i/system_i/axi_protocol_converter_0/inst/gen_axilite.gen_b2s_conv.axilite_b2s/SI_REG/ar_pipe/m_payload_i_reg[39]/D
                                                              1.151         
i_ps/system_i/system_i/axi_protocol_converter_0/inst/gen_axilite.gen_b2s_conv.axilite_b2s/RD.r_channel_0/rd_data_fifo_0/cnt_read_reg[0]_rep__0/C
                               i_ps/system_i/system_i/axi_protocol_converter_0/inst/gen_axilite.gen_b2s_conv.axilite_b2s/SI_REG/r_pipe/skid_buffer_reg[12]/D
                                                              1.154         
i_ps/system_i/system_i/axi_protocol_converter_0/inst/gen_axilite.gen_b2s_conv.axilite_b2s/RD.r_channel_0/transaction_fifo_0/cnt_read_reg[0]_rep__1/C
                               i_ps/system_i/system_i/axi_protocol_converter_0/inst/gen_axilite.gen_b2s_conv.axilite_b2s/RD.r_channel_0/rd_data_fifo_0/cnt_read_reg[1]_rep__2/D
                                                              1.160         
i_ps/system_i/system_i/axi_protocol_converter_0/inst/gen_axilite.gen_b2s_conv.axilite_b2s/RD.r_channel_0/rd_data_fifo_0/cnt_read_reg[0]_rep__3/C
                               i_ps/system_i/system_i/axi_protocol_converter_0/inst/gen_axilite.gen_b2s_conv.axilite_b2s/RD.ar_channel_0/ar_cmd_fsm_0/state_reg[0]/D
                                                              1.172         
i_ps/system_i/system_i/axi_protocol_converter_0/inst/gen_axilite.gen_b2s_conv.axilite_b2s/RD.r_channel_0/rd_data_fifo_0/cnt_read_reg[0]_rep__0/C
                               i_ps/system_i/system_i/axi_protocol_converter_0/inst/gen_axilite.gen_b2s_conv.axilite_b2s/SI_REG/r_pipe/m_payload_i_reg[12]/D
                                                              1.186         
i_ps/system_i/system_i/processing_system7/inst/PS7_i/MAXIGP1ACLK
                               i_ps/system_i/system_i/axi_protocol_converter_0/inst/gen_axilite.gen_b2s_conv.axilite_b2s/SI_REG/r_pipe/m_payload_i_reg[10]/CE
                                                              1.186         
i_ps/system_i/system_i/processing_system7/inst/PS7_i/MAXIGP1ACLK
                               i_ps/system_i/system_i/axi_protocol_converter_0/inst/gen_axilite.gen_b2s_conv.axilite_b2s/SI_REG/r_pipe/m_payload_i_reg[11]/CE
                                                              1.186         
i_ps/system_i/system_i/processing_system7/inst/PS7_i/MAXIGP1ACLK
                               i_ps/system_i/system_i/axi_protocol_converter_0/inst/gen_axilite.gen_b2s_conv.axilite_b2s/SI_REG/r_pipe/m_payload_i_reg[12]/CE
                                                              1.186         
i_ps/system_i/system_i/processing_system7/inst/PS7_i/MAXIGP1ACLK
                               i_ps/system_i/system_i/axi_protocol_converter_0/inst/gen_axilite.gen_b2s_conv.axilite_b2s/SI_REG/r_pipe/m_payload_i_reg[1]/CE
                                                              1.186         
i_ps/system_i/system_i/processing_system7/inst/PS7_i/MAXIGP1ACLK
                               i_ps/system_i/system_i/axi_protocol_converter_0/inst/gen_axilite.gen_b2s_conv.axilite_b2s/SI_REG/r_pipe/m_payload_i_reg[2]/CE
                                                              1.186         
i_ps/system_i/system_i/processing_system7/inst/PS7_i/MAXIGP1ACLK
                               i_ps/system_i/system_i/axi_protocol_converter_0/inst/gen_axilite.gen_b2s_conv.axilite_b2s/SI_REG/r_pipe/m_payload_i_reg[7]/CE
                                                              1.186         
i_ps/system_i/system_i/processing_system7/inst/PS7_i/MAXIGP1ACLK
                               i_ps/system_i/system_i/axi_protocol_converter_0/inst/gen_axilite.gen_b2s_conv.axilite_b2s/SI_REG/r_pipe/m_payload_i_reg[8]/CE
                                                              1.186         
i_ps/system_i/system_i/processing_system7/inst/PS7_i/MAXIGP1ACLK
                               i_ps/system_i/system_i/axi_protocol_converter_0/inst/gen_axilite.gen_b2s_conv.axilite_b2s/SI_REG/r_pipe/m_payload_i_reg[9]/CE
                                                              1.186         
i_ps/system_i/system_i/axi_protocol_converter_0/inst/gen_axilite.gen_b2s_conv.axilite_b2s/RD.r_channel_0/transaction_fifo_0/cnt_read_reg[0]_rep__1/C
                               i_ps/system_i/system_i/axi_protocol_converter_0/inst/gen_axilite.gen_b2s_conv.axilite_b2s/RD.r_channel_0/rd_data_fifo_0/cnt_read_reg[0]_rep__3/D
                                                              1.244         
i_ps/system_i/system_i/axi_protocol_converter_0/inst/gen_axilite.gen_b2s_conv.axilite_b2s/RD.r_channel_0/rd_data_fifo_0/cnt_read_reg[1]_rep__1/C
                               i_ps/system_i/system_i/axi_protocol_converter_0/inst/gen_axilite.gen_b2s_conv.axilite_b2s/SI_REG/r_pipe/skid_buffer_reg[1]/D
                                                              1.269         
i_ps/system_i/system_i/processing_system7/inst/PS7_i/MAXIGP1ACLK
                               i_ps/system_i/system_i/axi_protocol_converter_0/inst/gen_axilite.gen_b2s_conv.axilite_b2s/SI_REG/r_pipe/m_payload_i_reg[0]/CE
                                                              1.288         
i_ps/system_i/system_i/processing_system7/inst/PS7_i/MAXIGP1ACLK
                               i_ps/system_i/system_i/axi_protocol_converter_0/inst/gen_axilite.gen_b2s_conv.axilite_b2s/SI_REG/r_pipe/m_payload_i_reg[13]/CE
                                                              1.288         
i_ps/system_i/system_i/processing_system7/inst/PS7_i/MAXIGP1ACLK
                               i_ps/system_i/system_i/axi_protocol_converter_0/inst/gen_axilite.gen_b2s_conv.axilite_b2s/SI_REG/r_pipe/m_payload_i_reg[14]/CE
                                                              1.288         
i_ps/system_i/system_i/processing_system7/inst/PS7_i/MAXIGP1ACLK
                               i_ps/system_i/system_i/axi_protocol_converter_0/inst/gen_axilite.gen_b2s_conv.axilite_b2s/SI_REG/r_pipe/m_payload_i_reg[3]/CE
                                                              1.288         
i_ps/system_i/system_i/processing_system7/inst/PS7_i/MAXIGP1ACLK
                               i_ps/system_i/system_i/axi_protocol_converter_0/inst/gen_axilite.gen_b2s_conv.axilite_b2s/SI_REG/r_pipe/m_payload_i_reg[4]/CE
                                                              1.288         
i_ps/system_i/system_i/processing_system7/inst/PS7_i/MAXIGP1ACLK
                               i_ps/system_i/system_i/axi_protocol_converter_0/inst/gen_axilite.gen_b2s_conv.axilite_b2s/SI_REG/r_pipe/m_payload_i_reg[5]/CE
                                                              1.288         
i_ps/system_i/system_i/processing_system7/inst/PS7_i/MAXIGP1ACLK
                               i_ps/system_i/system_i/axi_protocol_converter_0/inst/gen_axilite.gen_b2s_conv.axilite_b2s/SI_REG/r_pipe/m_payload_i_reg[6]/CE
                                                              1.288         
dac_rst_reg/C                  oddr_dac_dat[9]/R              1.290         
i_ps/system_i/system_i/axi_protocol_converter_0/inst/gen_axilite.gen_b2s_conv.axilite_b2s/RD.r_channel_0/transaction_fifo_0/cnt_read_reg[2]_rep/C
                               i_ps/system_i/system_i/axi_protocol_converter_0/inst/gen_axilite.gen_b2s_conv.axilite_b2s/SI_REG/r_pipe/m_payload_i_reg[37]/D
                                                              1.308         
i_ps/system_i/system_i/axi_protocol_converter_0/inst/gen_axilite.gen_b2s_conv.axilite_b2s/RD.r_channel_0/rd_data_fifo_0/cnt_read_reg[0]_rep/C
                               i_ps/system_i/system_i/axi_protocol_converter_0/inst/gen_axilite.gen_b2s_conv.axilite_b2s/SI_REG/r_pipe/m_payload_i_reg[16]/D
                                                              1.317         
i_ps/system_i/system_i/axi_protocol_converter_0/inst/gen_axilite.gen_b2s_conv.axilite_b2s/RD.r_channel_0/rd_data_fifo_0/cnt_read_reg[0]_rep__3/C
                               i_ps/system_i/system_i/axi_protocol_converter_0/inst/gen_axilite.gen_b2s_conv.axilite_b2s/RD.ar_channel_0/ar_cmd_fsm_0/state_reg[1]/D
                                                              1.350         
i_ps/system_i/system_i/processing_system7/inst/PS7_i/MAXIGP1ACLK
                               i_ps/system_i/system_i/axi_protocol_converter_0/inst/gen_axilite.gen_b2s_conv.axilite_b2s/SI_REG/ar_pipe/m_payload_i_reg[52]/D
                                                              1.356         
i_ps/system_i/system_i/axi_protocol_converter_0/inst/gen_axilite.gen_b2s_conv.axilite_b2s/RD.ar_channel_0/ar_cmd_fsm_0/state_reg[1]_rep/C
                               i_ps/system_i/system_i/axi_protocol_converter_0/inst/gen_axilite.gen_b2s_conv.axilite_b2s/RD.ar_channel_0/cmd_translator_0/s_axburst_eq0_reg/D
                                                              1.359         
i_ps/system_i/system_i/processing_system7/inst/PS7_i/MAXIGP1ACLK
                               i_ps/system_i/system_i/axi_protocol_converter_0/inst/gen_axilite.gen_b2s_conv.axilite_b2s/SI_REG/r_pipe/m_payload_i_reg[15]/CE
                                                              1.359         
i_ps/system_i/system_i/processing_system7/inst/PS7_i/MAXIGP1ACLK
                               i_ps/system_i/system_i/axi_protocol_converter_0/inst/gen_axilite.gen_b2s_conv.axilite_b2s/SI_REG/r_pipe/m_payload_i_reg[16]/CE
                                                              1.359         
i_ps/system_i/system_i/processing_system7/inst/PS7_i/MAXIGP1ACLK
                               i_ps/system_i/system_i/axi_protocol_converter_0/inst/gen_axilite.gen_b2s_conv.axilite_b2s/SI_REG/r_pipe/m_payload_i_reg[17]/CE
                                                              1.359         
i_ps/system_i/system_i/processing_system7/inst/PS7_i/MAXIGP1ACLK
                               i_ps/system_i/system_i/axi_protocol_converter_0/inst/gen_axilite.gen_b2s_conv.axilite_b2s/SI_REG/r_pipe/m_payload_i_reg[18]/CE
                                                              1.359         
i_ps/system_i/system_i/processing_system7/inst/PS7_i/MAXIGP1ACLK
                               i_ps/system_i/system_i/axi_protocol_converter_0/inst/gen_axilite.gen_b2s_conv.axilite_b2s/SI_REG/r_pipe/m_payload_i_reg[21]/CE
                                                              1.359         
i_ps/system_i/system_i/processing_system7/inst/PS7_i/MAXIGP1ACLK
                               i_ps/system_i/system_i/axi_protocol_converter_0/inst/gen_axilite.gen_b2s_conv.axilite_b2s/SI_REG/r_pipe/m_payload_i_reg[22]/CE
                                                              1.359         
i_ps/system_i/system_i/processing_system7/inst/PS7_i/MAXIGP1ACLK
                               i_ps/system_i/system_i/axi_protocol_converter_0/inst/gen_axilite.gen_b2s_conv.axilite_b2s/SI_REG/r_pipe/m_payload_i_reg[23]/CE
                                                              1.359         
i_ps/system_i/system_i/processing_system7/inst/PS7_i/MAXIGP1ACLK
                               i_ps/system_i/system_i/axi_protocol_converter_0/inst/gen_axilite.gen_b2s_conv.axilite_b2s/SI_REG/r_pipe/m_payload_i_reg[24]/CE
                                                              1.359         
i_ps/system_i/system_i/axi_protocol_converter_0/inst/gen_axilite.gen_b2s_conv.axilite_b2s/RD.ar_channel_0/ar_cmd_fsm_0/state_reg[1]_rep/C
                               i_ps/system_i/system_i/axi_protocol_converter_0/inst/gen_axilite.gen_b2s_conv.axilite_b2s/RD.ar_channel_0/cmd_translator_0/s_axburst_eq1_reg/D
                                                              1.374         
i_ps/system_i/system_i/processing_system7/inst/PS7_i/MAXIGP1ACLK
                               i_ps/system_i/system_i/axi_protocol_converter_0/inst/gen_axilite.gen_b2s_conv.axilite_b2s/SI_REG/r_pipe/m_payload_i_reg[29]/CE
                                                              1.397         
i_ps/system_i/system_i/processing_system7/inst/PS7_i/MAXIGP1ACLK
                               i_ps/system_i/system_i/axi_protocol_converter_0/inst/gen_axilite.gen_b2s_conv.axilite_b2s/SI_REG/r_pipe/m_payload_i_reg[30]/CE
                                                              1.397         
i_ps/system_i/system_i/processing_system7/inst/PS7_i/MAXIGP1ACLK
                               i_ps/system_i/system_i/axi_protocol_converter_0/inst/gen_axilite.gen_b2s_conv.axilite_b2s/SI_REG/r_pipe/m_payload_i_reg[31]/CE
                                                              1.397         
i_ps/system_i/system_i/processing_system7/inst/PS7_i/MAXIGP1ACLK
                               i_ps/system_i/system_i/axi_protocol_converter_0/inst/gen_axilite.gen_b2s_conv.axilite_b2s/SI_REG/r_pipe/m_payload_i_reg[32]/CE
                                                              1.397         
i_ps/system_i/system_i/processing_system7/inst/PS7_i/MAXIGP1ACLK
                               i_ps/system_i/system_i/axi_protocol_converter_0/inst/gen_axilite.gen_b2s_conv.axilite_b2s/SI_REG/r_pipe/m_payload_i_reg[33]/CE
                                                              1.397         
i_ps/system_i/system_i/processing_system7/inst/PS7_i/MAXIGP1ACLK
                               i_ps/system_i/system_i/axi_protocol_converter_0/inst/gen_axilite.gen_b2s_conv.axilite_b2s/SI_REG/r_pipe/m_payload_i_reg[34]/CE
                                                              1.397         
i_ps/system_i/system_i/processing_system7/inst/PS7_i/MAXIGP1ACLK
                               i_ps/system_i/system_i/axi_protocol_converter_0/inst/gen_axilite.gen_b2s_conv.axilite_b2s/SI_REG/r_pipe/m_payload_i_reg[37]/CE
                                                              1.397         
i_ps/system_i/system_i/processing_system7/inst/PS7_i/MAXIGP1ACLK
                               i_ps/system_i/system_i/axi_protocol_converter_0/inst/gen_axilite.gen_b2s_conv.axilite_b2s/SI_REG/r_pipe/m_payload_i_reg[38]/CE
                                                              1.397         
i_ps/system_i/system_i/axi_protocol_converter_0/inst/gen_axilite.gen_b2s_conv.axilite_b2s/RD.r_channel_0/rd_data_fifo_0/cnt_read_reg[0]_rep__0/C
                               i_ps/system_i/system_i/axi_protocol_converter_0/inst/gen_axilite.gen_b2s_conv.axilite_b2s/SI_REG/r_pipe/m_payload_i_reg[7]/D
                                                              1.398         
i_ps/system_i/system_i/processing_system7/inst/PS7_i/MAXIGP1ACLK
                               i_ps/system_i/system_i/axi_protocol_converter_0/inst/gen_axilite.gen_b2s_conv.axilite_b2s/SI_REG/r_pipe/m_payload_i_reg[25]/CE
                                                              1.399         
i_ps/system_i/system_i/processing_system7/inst/PS7_i/MAXIGP1ACLK
                               i_ps/system_i/system_i/axi_protocol_converter_0/inst/gen_axilite.gen_b2s_conv.axilite_b2s/SI_REG/r_pipe/m_payload_i_reg[26]/CE
                                                              1.399         
i_ps/system_i/system_i/processing_system7/inst/PS7_i/MAXIGP1ACLK
                               i_ps/system_i/system_i/axi_protocol_converter_0/inst/gen_axilite.gen_b2s_conv.axilite_b2s/SI_REG/r_pipe/m_payload_i_reg[27]/CE
                                                              1.399         
i_ps/system_i/system_i/processing_system7/inst/PS7_i/MAXIGP1ACLK
                               i_ps/system_i/system_i/axi_protocol_converter_0/inst/gen_axilite.gen_b2s_conv.axilite_b2s/SI_REG/r_pipe/m_payload_i_reg[28]/CE
                                                              1.399         
i_ps/system_i/system_i/processing_system7/inst/PS7_i/MAXIGP1ACLK
                               i_ps/system_i/system_i/axi_protocol_converter_0/inst/gen_axilite.gen_b2s_conv.axilite_b2s/SI_REG/r_pipe/m_payload_i_reg[35]/CE
                                                              1.399         
i_ps/system_i/system_i/processing_system7/inst/PS7_i/MAXIGP1ACLK
                               i_ps/system_i/system_i/axi_protocol_converter_0/inst/gen_axilite.gen_b2s_conv.axilite_b2s/SI_REG/r_pipe/m_payload_i_reg[36]/CE
                                                              1.399         
i_ps/system_i/system_i/processing_system7/inst/PS7_i/MAXIGP1ACLK
                               i_ps/system_i/system_i/axi_protocol_converter_0/inst/gen_axilite.gen_b2s_conv.axilite_b2s/SI_REG/r_pipe/m_payload_i_reg[39]/CE
                                                              1.399         
i_ps/system_i/system_i/processing_system7/inst/PS7_i/MAXIGP1ACLK
                               i_ps/system_i/system_i/axi_protocol_converter_0/inst/gen_axilite.gen_b2s_conv.axilite_b2s/SI_REG/r_pipe/m_payload_i_reg[40]/CE
                                                              1.399         
i_ps/system_i/system_i/processing_system7/inst/PS7_i/MAXIGP1ACLK
                               i_ps/system_i/system_i/axi_protocol_converter_0/inst/gen_axilite.gen_b2s_conv.axilite_b2s/SI_REG/b_pipe/m_payload_i_reg[0]/CE
                                                              1.399         
i_ps/system_i/system_i/processing_system7/inst/PS7_i/MAXIGP1ACLK
                               i_ps/system_i/system_i/axi_protocol_converter_0/inst/gen_axilite.gen_b2s_conv.axilite_b2s/SI_REG/b_pipe/m_payload_i_reg[13]/CE
                                                              1.399         
i_ps/system_i/system_i/processing_system7/inst/PS7_i/MAXIGP1ACLK
                               i_ps/system_i/system_i/axi_protocol_converter_0/inst/gen_axilite.gen_b2s_conv.axilite_b2s/SI_REG/b_pipe/m_payload_i_reg[1]/CE
                                                              1.399         
i_ps/system_i/system_i/processing_system7/inst/PS7_i/MAXIGP1ACLK
                               i_ps/system_i/system_i/axi_protocol_converter_0/inst/gen_axilite.gen_b2s_conv.axilite_b2s/SI_REG/b_pipe/m_payload_i_reg[2]/CE
                                                              1.399         
i_ps/system_i/system_i/processing_system7/inst/PS7_i/MAXIGP1ACLK
                               i_ps/system_i/system_i/axi_protocol_converter_0/inst/gen_axilite.gen_b2s_conv.axilite_b2s/SI_REG/b_pipe/m_payload_i_reg[3]/CE
                                                              1.399         
i_ps/system_i/system_i/processing_system7/inst/PS7_i/MAXIGP1ACLK
                               i_ps/system_i/system_i/axi_protocol_converter_0/inst/gen_axilite.gen_b2s_conv.axilite_b2s/SI_REG/b_pipe/m_payload_i_reg[4]/CE
                                                              1.399         
dac_rst_reg/C                  oddr_dac_rst/D2                1.745         
dac_dat_a_reg[8]/C             oddr_dac_dat[8]/D2             1.788         
dac_dat_a_reg[9]/C             oddr_dac_dat[9]/D2             1.789         
dac_dat_a_reg[7]/C             oddr_dac_dat[7]/D2             1.791         
dac_dat_a_reg[13]/C            oddr_dac_dat[13]/D2            1.797         
dac_dat_a_reg[0]/C             oddr_dac_dat[0]/D2             1.838         
dac_dat_a_reg[6]/C             oddr_dac_dat[6]/D2             1.848         
dac_dat_a_reg[1]/C             oddr_dac_dat[1]/D2             1.971         
dac_dat_a_reg[12]/C            oddr_dac_dat[12]/D2            1.985         
dac_dat_a_reg[11]/C            oddr_dac_dat[11]/D2            2.000         
dac_dat_a_reg[2]/C             oddr_dac_dat[2]/D2             2.045         
dac_dat_a_reg[10]/C            oddr_dac_dat[10]/D2            2.047         
dac_dat_a_reg[3]/C             oddr_dac_dat[3]/D2             2.057         
dac_dat_a_reg[5]/C             oddr_dac_dat[5]/D2             2.130         
dac_dat_a_reg[4]/C             oddr_dac_dat[4]/D2             2.191         
i_dsp/sum2_reg[13]/C           dac_dat_b_reg[3]/D             2.203         
i_dsp/sum2_reg[17]/C           dac_dat_b_reg[13]/D            2.403         
i_dsp/sum2_reg[13]/C           dac_dat_b_reg[1]/D             2.516         
i_dsp/sum2_reg[14]/C           dac_dat_b_reg[0]/D             2.669         
i_dsp/sum1_reg[14]/C           dac_dat_a_reg[5]/D             2.713         
i_dsp/sum2_reg[13]/C           dac_dat_b_reg[4]/D             2.756         
i_dsp/sum2_reg[13]/C           dac_dat_b_reg[12]/D            2.807         
i_dsp/sum2_reg[14]/C           dac_dat_b_reg[5]/D             2.815         
i_dsp/sum2_reg[10]/C           dac_dat_b_reg[10]/D            2.928         
i_dsp/sum1_reg[15]/C           dac_dat_a_reg[2]/D             3.073         
i_dsp/sum2_reg[8]/C            dac_dat_b_reg[8]/D             3.107         
i_dsp/sum1_reg[14]/C           dac_dat_a_reg[4]/D             3.121         
i_dsp/sum1_reg[13]/C           dac_dat_a_reg[1]/D             3.219         
i_dsp/sum1_reg[13]/C           dac_dat_a_reg[12]/D            3.243         
i_dsp/sum2_reg[14]/C           dac_dat_b_reg[7]/D             3.283         
i_dsp/sum1_reg[13]/C           dac_dat_a_reg[3]/D             3.307         
i_dsp/sum2_reg[14]/C           dac_dat_b_reg[9]/D             3.309         
i_dsp/sum2_reg[13]/C           dac_dat_b_reg[11]/D            3.357         
i_dsp/sum1_reg[14]/C           dac_dat_a_reg[0]/D             3.426         
i_dsp/sum2_reg[2]/C            dac_dat_b_reg[2]/D             3.529         
i_dsp/sum1_reg[13]/C           dac_dat_a_reg[10]/D            3.535         
i_dsp/sum1_reg[13]/C           dac_dat_a_reg[11]/D            3.661         
i_dsp/sum1_reg[7]/C            dac_dat_a_reg[7]/D             3.852         
i_dsp/sum1_reg[13]/C           dac_dat_a_reg[8]/D             3.920         
i_dsp/sum2_reg[14]/C           dac_dat_b_reg[6]/D             3.951         
i_dsp/sum1_reg[17]/C           dac_dat_a_reg[13]/D            3.977         
i_dsp/sum1_reg[6]/C            dac_dat_a_reg[6]/D             4.092         
i_dsp/sum1_reg[13]/C           dac_dat_a_reg[9]/D             4.453         
dac_rst_reg/C                  oddr_dac_rst/D1                5.596         
dac_dat_b_reg[6]/C             oddr_dac_dat[6]/D1             5.780         
dac_dat_b_reg[7]/C             oddr_dac_dat[7]/D1             5.788         
dac_dat_b_reg[9]/C             oddr_dac_dat[9]/D1             5.788         
dac_dat_b_reg[0]/C             oddr_dac_dat[0]/D1             5.840         
dac_dat_b_reg[4]/C             oddr_dac_dat[4]/D1             5.855         
dac_dat_b_reg[13]/C            oddr_dac_dat[13]/D1            5.941         
dac_dat_b_reg[5]/C             oddr_dac_dat[5]/D1             5.946         
dac_dat_b_reg[12]/C            oddr_dac_dat[12]/D1            5.970         
dac_dat_b_reg[3]/C             oddr_dac_dat[3]/D1             5.990         
dac_dat_b_reg[2]/C             oddr_dac_dat[2]/D1             6.022         
dac_dat_b_reg[1]/C             oddr_dac_dat[1]/D1             6.033         
dac_dat_b_reg[10]/C            oddr_dac_dat[10]/D1            6.040         
dac_dat_b_reg[8]/C             oddr_dac_dat[8]/D1             6.049         
dac_dat_b_reg[11]/C            oddr_dac_dat[11]/D1            6.057         



